*** Starting uWSGI 2.0.11.2 (64bit) on [Mon Nov 23 14:56:08 2015] ***
compiled with version: 4.9.2 on 22 November 2015 05:03:37
os: Linux-3.16.0-4-amd64 #1 SMP Debian 3.16.7-ckt11-1+deb8u6 (2015-11-09)
nodename: debian
machine: x86_64
clock source: unix
pcre jit disabled
detected number of CPU cores: 4
current working directory: /home/zen/Desktop/webapp
writing pidfile to /home/zen/Desktop/webapp/logs/uwsgi.pid
detected binary path: /home/zen/Desktop/webapp/sbin/uwsgi
your processes number limit is 23383
your memory page size is 4096 bytes
detected max file descriptor number: 65536
lock engine: pthread robust mutexes
thunder lock: disabled (you can enable it with --thunder-lock)
uwsgi socket 0 bound to TCP address 127.0.0.1:9999 fd 3
initialized Perl 5.20.2 main interpreter at 0x1242c80
your server socket listen backlog is limited to 100 connections
your mercy for graceful operations on workers is 60 seconds
mapped 800448 bytes (781 KB) for 10 cores
*** Operational MODE: preforking ***
PSGI app 0 (/home/zen/Desktop/webapp/www/router.psgi) loaded in 0 seconds at 0x19975d8 (interpreter 0x1242c80)
*** uWSGI is running in multiple interpreter mode ***
spawned uWSGI master process (pid: 17626)
spawned uWSGI worker 1 (pid: 17627, cores: 1)
spawned uWSGI worker 2 (pid: 17628, cores: 1)
spawned uWSGI worker 3 (pid: 17629, cores: 1)
spawned uWSGI worker 4 (pid: 17630, cores: 1)
spawned uWSGI worker 5 (pid: 17631, cores: 1)
spawned uWSGI worker 6 (pid: 17632, cores: 1)
spawned uWSGI worker 7 (pid: 17633, cores: 1)
spawned uWSGI worker 8 (pid: 17634, cores: 1)
spawned uWSGI worker 9 (pid: 17635, cores: 1)
spawned uWSGI worker 10 (pid: 17636, cores: 1)
[pid: 17636|app: 0|req: 1/1] 127.0.0.1 () {38 vars in 605 bytes} [Mon Nov 23 14:56:44 2015] GET / => generated 180 bytes in 47 msecs (HTTP/1.1 200) 1 headers in 44 bytes (0 switches on core 0)
Mon Nov 23 14:56:53 2015 - uWSGI worker 1 screams: UAAAAAAH my master disconnected: i will kill myself !!!
Mon Nov 23 14:56:53 2015 - uWSGI worker 9 screams: UAAAAAAH my master disconnected: i will kill myself !!!
Mon Nov 23 14:56:53 2015 - uWSGI worker 2 screams: UAAAAAAH my master disconnected: i will kill myself !!!
Mon Nov 23 14:56:53 2015 - uWSGI worker 3 screams: UAAAAAAH my master disconnected: i will kill myself !!!
Mon Nov 23 14:56:53 2015 - uWSGI worker 4 screams: UAAAAAAH my master disconnected: i will kill myself !!!
Mon Nov 23 14:56:53 2015 - uWSGI worker 5 screams: UAAAAAAH my master disconnected: i will kill myself !!!
Mon Nov 23 14:56:53 2015 - uWSGI worker 6 screams: UAAAAAAH my master disconnected: i will kill myself !!!
Mon Nov 23 14:56:53 2015 - uWSGI worker 7 screams: UAAAAAAH my master disconnected: i will kill myself !!!
Mon Nov 23 14:56:53 2015 - uWSGI worker 10 screams: UAAAAAAH my master disconnected: i will kill myself !!!
Mon Nov 23 14:56:53 2015 - uWSGI worker 8 screams: UAAAAAAH my master disconnected: i will kill myself !!!
*** Starting uWSGI 2.0.11.2 (64bit) on [Mon Nov 23 15:59:30 2015] ***
compiled with version: 4.9.2 on 22 November 2015 05:03:37
os: Linux-3.16.0-4-amd64 #1 SMP Debian 3.16.7-ckt11-1+deb8u6 (2015-11-09)
nodename: debian
machine: x86_64
clock source: unix
pcre jit disabled
detected number of CPU cores: 4
current working directory: /home/zen/Desktop/webapp
writing pidfile to /home/zen/Desktop/webapp/logs/uwsgi.pid
detected binary path: /home/zen/Desktop/webapp/sbin/uwsgi
your processes number limit is 23383
your memory page size is 4096 bytes
detected max file descriptor number: 65536
lock engine: pthread robust mutexes
thunder lock: disabled (you can enable it with --thunder-lock)
uwsgi socket 0 bound to TCP address 127.0.0.1:9999 fd 3
initialized Perl 5.20.2 main interpreter at 0xb50be0
your server socket listen backlog is limited to 100 connections
your mercy for graceful operations on workers is 60 seconds
mapped 145536 bytes (142 KB) for 1 cores
*** Operational MODE: single process ***
PSGI app 0 (/home/zen/Desktop/webapp/www/router.psgi) loaded in 1 seconds at 0x12a54e8 (interpreter 0xb50be0)
*** uWSGI is running in multiple interpreter mode ***
spawned uWSGI master process (pid: 19246)
spawned uWSGI worker 1 (pid: 19247, cores: 1)
[pid: 19247|app: 0|req: 1/1] 127.0.0.1 () {38 vars in 616 bytes} [Mon Nov 23 15:59:38 2015] GET / => generated 180 bytes in 93 msecs (HTTP/1.1 200) 1 headers in 44 bytes (0 switches on core 0)
[pid: 19247|app: 0|req: 2/2] 127.0.0.1 () {38 vars in 616 bytes} [Mon Nov 23 15:59:38 2015] GET / => generated 180 bytes in 5 msecs (HTTP/1.1 200) 1 headers in 44 bytes (0 switches on core 0)
[pid: 19247|app: 0|req: 3/3] 127.0.0.1 () {38 vars in 626 bytes} [Mon Nov 23 15:59:41 2015] GET /about => generated 182 bytes in 3 msecs (HTTP/1.1 200) 1 headers in 44 bytes (0 switches on core 0)
Mon Nov 23 15:59:44 2015 - uWSGI worker 1 screams: UAAAAAAH my master disconnected: i will kill myself !!!
*** Starting uWSGI 2.0.11.2 (64bit) on [Mon Nov 23 16:42:27 2015] ***
compiled with version: 4.9.2 on 22 November 2015 05:03:37
os: Linux-3.16.0-4-amd64 #1 SMP Debian 3.16.7-ckt11-1+deb8u6 (2015-11-09)
nodename: debian
machine: x86_64
clock source: unix
pcre jit disabled
detected number of CPU cores: 4
current working directory: /home/zen/Desktop/webapp
writing pidfile to /home/zen/Desktop/webapp/logs/uwsgi.pid
detected binary path: /home/zen/Desktop/webapp/sbin/uwsgi
your processes number limit is 23383
your memory page size is 4096 bytes
detected max file descriptor number: 65536
lock engine: pthread robust mutexes
thunder lock: disabled (you can enable it with --thunder-lock)
uwsgi socket 0 bound to TCP address 127.0.0.1:9999 fd 3
initialized Perl 5.20.2 main interpreter at 0x2032c70
your server socket listen backlog is limited to 100 connections
your mercy for graceful operations on workers is 60 seconds
mapped 145536 bytes (142 KB) for 1 cores
*** Operational MODE: single process ***
PSGI app 0 (/home/zen/Desktop/webapp/www/router.psgi) loaded in 0 seconds at 0x2787860 (interpreter 0x2032c70)
*** uWSGI is running in multiple interpreter mode ***
spawned uWSGI master process (pid: 20507)
spawned uWSGI worker 1 (pid: 20508, cores: 1)
Mon Nov 23 16:42:29 2015 - uWSGI worker 1 screams: UAAAAAAH my master disconnected: i will kill myself !!!
*** Starting uWSGI 2.0.11.2 (64bit) on [Mon Nov 23 17:00:27 2015] ***
compiled with version: 4.9.2 on 22 November 2015 05:03:37
os: Linux-3.16.0-4-amd64 #1 SMP Debian 3.16.7-ckt11-1+deb8u6 (2015-11-09)
nodename: debian
machine: x86_64
clock source: unix
pcre jit disabled
detected number of CPU cores: 4
current working directory: /home/zen/Desktop/webapp
writing pidfile to /home/zen/Desktop/webapp/logs/uwsgi.pid
detected binary path: /home/zen/Desktop/webapp/sbin/uwsgi
your processes number limit is 23383
your memory page size is 4096 bytes
detected max file descriptor number: 65536
lock engine: pthread robust mutexes
thunder lock: disabled (you can enable it with --thunder-lock)
uwsgi socket 0 bound to TCP address 127.0.0.1:9999 fd 3
initialized Perl 5.20.2 main interpreter at 0xd51be0
your server socket listen backlog is limited to 100 connections
your mercy for graceful operations on workers is 60 seconds
mapped 145536 bytes (142 KB) for 1 cores
*** Operational MODE: single process ***
PSGI app 0 (/home/zen/Desktop/webapp/www/router.psgi) loaded in 0 seconds at 0x14a6498 (interpreter 0xd51be0)
*** uWSGI is running in multiple interpreter mode ***
spawned uWSGI master process (pid: 20836)
spawned uWSGI worker 1 (pid: 20837, cores: 1)
Mon Nov 23 17:00:32 2015 - uWSGI worker 1 screams: UAAAAAAH my master disconnected: i will kill myself !!!
*** Starting uWSGI 2.0.11.2 (64bit) on [Mon Nov 23 17:00:35 2015] ***
compiled with version: 4.9.2 on 22 November 2015 05:03:37
os: Linux-3.16.0-4-amd64 #1 SMP Debian 3.16.7-ckt11-1+deb8u6 (2015-11-09)
nodename: debian
machine: x86_64
clock source: unix
pcre jit disabled
detected number of CPU cores: 4
current working directory: /home/zen/Desktop/webapp
writing pidfile to /home/zen/Desktop/webapp/logs/uwsgi.pid
detected binary path: /home/zen/Desktop/webapp/sbin/uwsgi
your processes number limit is 23383
your memory page size is 4096 bytes
detected max file descriptor number: 65536
lock engine: pthread robust mutexes
thunder lock: disabled (you can enable it with --thunder-lock)
uwsgi socket 0 bound to TCP address 127.0.0.1:9999 fd 3
initialized Perl 5.20.2 main interpreter at 0xf68be0
your server socket listen backlog is limited to 100 connections
your mercy for graceful operations on workers is 60 seconds
mapped 145536 bytes (142 KB) for 1 cores
*** Operational MODE: single process ***
PSGI app 0 (/home/zen/Desktop/webapp/www/router.psgi) loaded in 0 seconds at 0x16bd578 (interpreter 0xf68be0)
*** uWSGI is running in multiple interpreter mode ***
spawned uWSGI master process (pid: 20922)
spawned uWSGI worker 1 (pid: 20923, cores: 1)
Mon Nov 23 17:00:37 2015 - uWSGI worker 1 screams: UAAAAAAH my master disconnected: i will kill myself !!!
*** Starting uWSGI 2.0.11.2 (64bit) on [Mon Nov 23 17:02:56 2015] ***
compiled with version: 4.9.2 on 22 November 2015 05:03:37
os: Linux-3.16.0-4-amd64 #1 SMP Debian 3.16.7-ckt11-1+deb8u6 (2015-11-09)
nodename: debian
machine: x86_64
clock source: unix
pcre jit disabled
detected number of CPU cores: 4
current working directory: /home/zen/Desktop/webapp
writing pidfile to /home/zen/Desktop/webapp/logs/uwsgi.pid
detected binary path: /home/zen/Desktop/webapp/sbin/uwsgi_psgi
your processes number limit is 23383
your memory page size is 4096 bytes
detected max file descriptor number: 65536
lock engine: pthread robust mutexes
thunder lock: disabled (you can enable it with --thunder-lock)
uwsgi socket 0 bound to TCP address 127.0.0.1:9999 fd 3
initialized Perl 5.20.2 main interpreter at 0x15d8c10
your server socket listen backlog is limited to 100 connections
your mercy for graceful operations on workers is 60 seconds
mapped 145536 bytes (142 KB) for 1 cores
*** Operational MODE: single process ***
PSGI app 0 (/home/zen/Desktop/webapp/www/router.psgi) loaded in 0 seconds at 0x1d2d3d8 (interpreter 0x15d8c10)
*** uWSGI is running in multiple interpreter mode ***
spawned uWSGI master process (pid: 21074)
spawned uWSGI worker 1 (pid: 21075, cores: 1)
Mon Nov 23 17:03:41 2015 - uWSGI worker 1 screams: UAAAAAAH my master disconnected: i will kill myself !!!
*** Starting uWSGI 2.0.11.2 (64bit) on [Mon Nov 23 17:03:43 2015] ***
compiled with version: 4.9.2 on 22 November 2015 05:03:37
os: Linux-3.16.0-4-amd64 #1 SMP Debian 3.16.7-ckt11-1+deb8u6 (2015-11-09)
nodename: debian
machine: x86_64
clock source: unix
pcre jit disabled
detected number of CPU cores: 4
current working directory: /home/zen/Desktop/webapp
writing pidfile to /home/zen/Desktop/webapp/logs/uwsgi.pid
detected binary path: /home/zen/Desktop/webapp/sbin/uwsgi_psgi
your processes number limit is 23383
your memory page size is 4096 bytes
detected max file descriptor number: 65536
lock engine: pthread robust mutexes
thunder lock: disabled (you can enable it with --thunder-lock)
uwsgi socket 0 bound to TCP address 127.0.0.1:9999 fd 3
initialized Perl 5.20.2 main interpreter at 0x1c6ac10
your server socket listen backlog is limited to 100 connections
your mercy for graceful operations on workers is 60 seconds
mapped 145536 bytes (142 KB) for 1 cores
*** Operational MODE: single process ***
PSGI app 0 (/home/zen/Desktop/webapp/www/router.psgi) loaded in 0 seconds at 0x23bf468 (interpreter 0x1c6ac10)
*** uWSGI is running in multiple interpreter mode ***
spawned uWSGI master process (pid: 21150)
spawned uWSGI worker 1 (pid: 21151, cores: 1)
Mon Nov 23 17:03:51 2015 - uWSGI worker 1 screams: UAAAAAAH my master disconnected: i will kill myself !!!
